Arguments: 
  C:\Program Files\nodejs\node.exe C:\Program Files (x86)\Yarn\bin\yarn.js add cors --network-timeout 100000

PATH: 
  C:\Users\rvohra\WebstormProjects\untitled2\node_modules\.bin;C:\Program Files\AdoptOpenJDK\jdk-11.0.7.10-hotspot\bin;C:\Python38\Scripts\;C:\Python38\;C:\Users\rvohra\AppData\Roaming\nvm;C:\Program Files\Java\jdk1.8.0_211\bin;C:\Program Files (x86)\Box\Box Edit\;C:\WINDOWS;C:\WINDOWS\System32\Wbem;C:\WINDOWS\System32\WindowsPowerShell\v1.0\;C:\WINDOWS\CCM;C:\WINDOWS\system32\config\systemprofile\.dnx\bin;C:\Program Files\Microsoft DNX\Dnvm\;c:\Program Files (x86)\Microsoft SQL Server\110\Tools\Binn\ManagementStudio\;c:\Program Files (x86)\Microsoft SQL Server\110\Tools\Binn\;c:\Program Files\Microsoft SQL Server\110\Tools\Binn\;c:\Program Files (x86)\Microsoft SQL Server\110\DTS\Binn\;C:\Program Files (x86)\scala\bin;C:\Program Files\Microsoft VS Code\bin;C:\Windows\System32;C:\WINDOWS\System32\OpenSSH\;C:\WINDOWS\system32;C:\Users\rvohra\AppData\Local\Git\cmd;C:\Users\rvohra\AppData\Local\Git\bin;C:\Program Files\PuTTY\;C:\Program Files\dotnet\;C:\Program Files\Microsoft SQL Server\130\Tools\Binn\;C:\Program Files\apache-maven-3.5.4\bin;C:\Program Files (x86)\Yarn\bin\;C:\Program Files (x86)\Sennheiser\SoftphoneSDK\;C:\Program Files\nodejs\;C:\ProgramData\chocolatey\bin;C:\Users\rvohra\AppData\Roaming\nvm;C:\Users\rvohra\AppData\Local\Programs\Python\Python38-32\Scripts\;C:\Users\rvohra\AppData\Local\Programs\Python\Python38-32\;C:\Users\rvohra\AppData\Local\Programs\Python\Python37-32\Scripts\;C:\Users\rvohra\AppData\Local\Programs\Python\Python37-32\;C:\Users\rvohra\AppData\Local\Microsoft\WindowsApps;C:\Users\rvohra\AppData\Local\Git\bin;C:\Users\rvohra\AppData\Local\Git\cmd;C:\Users\rvohra\AppData\Local\atom\bin;C:\Users\rvohra\AppData\Local\Yarn\bin;C:\Users\rvohra\AppData\Roaming\npm

Yarn version: 
  1.19.1

Node version: 
  12.16.2

Platform: 
  win32 x64

Trace: 
  Error: getaddrinfo ENOTFOUND nexus.core.cvent.org
      at GetAddrInfoReqWrap.onlookup [as oncomplete] (dns.js:64:26)

npm manifest: 
  {
    "name": "rest-api-tutorial",
    "version": "1.0.0",
    "description": "",
    "main": "index.js",
    "scripts": {
      "test": "echo \"Error: no test specified\" && exit 1",
      "start": "node app.js"
    },
    "repository": {
      "type": "git",
      "url": "git+https://github.com/makinhs/rest-api-tutorial.git"
    },
    "author": "",
    "license": "ISC",
    "bugs": {
      "url": "https://github.com/makinhs/rest-api-tutorial/issues"
    },
    "homepage": "https://github.com/makinhs/rest-api-tutorial#readme",
    "dependencies": {
      "@types/node": "^14.0.5",
      "body-parser": "1.7.0",
      "express": "^4.17.1",
      "jsonwebtoken": "^7.3.0",
      "moment": "^2.17.1",
      "moment-timezone": "^0.5.13",
      "mongoose": "^5.1.1",
      "node-uuid": "^1.4.8",
      "swagger-ui-express": "^2.0.13",
      "sync-request": "^4.0.2"
    }
  }

yarn manifest: 
  No manifest

Lockfile: 
  No lockfile
